<?xml version="1.0" encoding="UTF-8"?>
<testng-results ignored="0" total="3" passed="2" failed="1" skipped="0">
  <reporter-output>
  </reporter-output>
  <suite started-at="2026-05-21T12:51:52 IST" name="Suite" finished-at="2026-05-21T12:52:19 IST" duration-ms="27122">
    <groups>
    </groups>
    <test started-at="2026-05-21T12:51:52 IST" name="Test" finished-at="2026-05-21T12:52:19 IST" duration-ms="27122">
      <class name="eventListeners.OrangeHRM">
        <test-method is-config="true" signature="setUP()[pri:0, instance:eventListeners.OrangeHRM@6f152006]" started-at="2026-05-21T12:51:53 IST" name="setUP" finished-at="2026-05-21T12:52:10 IST" duration-ms="17358" status="PASS">
          <reporter-output>
          </reporter-output>
        </test-method> <!-- setUP -->
        <test-method signature="testLogo()[pri:1, instance:eventListeners.OrangeHRM@6f152006]" started-at="2026-05-21T12:52:10 IST" name="testLogo" finished-at="2026-05-21T12:52:19 IST" duration-ms="8541" status="PASS">
          <reporter-output>
          </reporter-output>
        </test-method> <!-- testLogo -->
        <test-method signature="testURL()[pri:2, instance:eventListeners.OrangeHRM@6f152006]" started-at="2026-05-21T12:52:19 IST" name="testURL" finished-at="2026-05-21T12:52:19 IST" duration-ms="20" status="PASS">
          <reporter-output>
          </reporter-output>
        </test-method> <!-- testURL -->
        <test-method signature="testHomePageTitle()[pri:3, instance:eventListeners.OrangeHRM@6f152006]" started-at="2026-05-21T12:52:19 IST" name="testHomePageTitle" finished-at="2026-05-21T12:52:19 IST" depends-on-methods="eventListeners.OrangeHRM.testURL" duration-ms="48" status="FAIL">
          <exception class="java.lang.AssertionError">
            <message>
              <![CDATA[expected [OrangeHRM] but found [[[[ChromeDriver: chrome on windows (3887418a0e7cae5d3f2d36146f5551f6)] -> xpath: //title[text()='OrangeHRM']]]]]]>
            </message>
            <full-stacktrace>
              <![CDATA[java.lang.AssertionError: expected [OrangeHRM] but found [[[[ChromeDriver: chrome on windows (3887418a0e7cae5d3f2d36146f5551f6)] -> xpath: //title[text()='OrangeHRM']]]]
at org.testng.Assert.fail(Assert.java:111)
at org.testng.Assert.failNotEquals(Assert.java:1590)
at org.testng.Assert.assertEqualsImpl(Assert.java:150)
at org.testng.Assert.assertEquals(Assert.java:132)
at org.testng.Assert.assertEquals(Assert.java:644)
at eventListeners.OrangeHRM.testHomePageTitle(OrangeHRM.java:52)
at java.base/jdk.internal.reflect.DirectMethodHandleAccessor.invoke(DirectMethodHandleAccessor.java:104)
at java.base/java.lang.reflect.Method.invoke(Method.java:578)
at org.testng.internal.invokers.MethodInvocationHelper.invokeMethod(MethodInvocationHelper.java:141)
at org.testng.internal.invokers.TestInvoker.invokeMethod(TestInvoker.java:687)
at org.testng.internal.invokers.TestInvoker.invokeTestMethod(TestInvoker.java:230)
at org.testng.internal.invokers.MethodRunner.runInSequence(MethodRunner.java:63)
at org.testng.internal.invokers.TestInvoker$MethodInvocationAgent.invoke(TestInvoker.java:995)
at org.testng.internal.invokers.TestInvoker.invokeTestMethods(TestInvoker.java:203)
at org.testng.internal.invokers.TestMethodWorker.invokeTestMethods(TestMethodWorker.java:154)
at org.testng.internal.invokers.TestMethodWorker.run(TestMethodWorker.java:134)
at java.base/java.util.ArrayList.forEach(ArrayList.java:1511)
at org.testng.TestRunner.privateRun(TestRunner.java:741)
at org.testng.TestRunner.run(TestRunner.java:616)
at org.testng.SuiteRunner.runTest(SuiteRunner.java:421)
at org.testng.SuiteRunner.runSequentially(SuiteRunner.java:413)
at org.testng.SuiteRunner.privateRun(SuiteRunner.java:373)
at org.testng.SuiteRunner.run(SuiteRunner.java:312)
at org.testng.SuiteRunnerWorker.runSuite(SuiteRunnerWorker.java:52)
at org.testng.SuiteRunnerWorker.run(SuiteRunnerWorker.java:95)
at org.testng.TestNG.runSuitesSequentially(TestNG.java:1274)
at org.testng.TestNG.runSuitesLocally(TestNG.java:1208)
at org.testng.TestNG.runSuites(TestNG.java:1112)
at org.testng.TestNG.run(TestNG.java:1079)
at org.testng.remote.AbstractRemoteTestNG.run(AbstractRemoteTestNG.java:115)
at org.testng.remote.RemoteTestNG.initAndRun(RemoteTestNG.java:293)
at org.testng.remote.RemoteTestNG.main(RemoteTestNG.java:91)
]]>
            </full-stacktrace>
          </exception> <!-- java.lang.AssertionError -->
          <reporter-output>
          </reporter-output>
        </test-method> <!-- testHomePageTitle -->
        <test-method is-config="true" signature="tearDown()[pri:0, instance:eventListeners.OrangeHRM@6f152006]" started-at="2026-05-21T12:52:19 IST" name="tearDown" finished-at="2026-05-21T12:52:19 IST" duration-ms="658" status="PASS">
          <reporter-output>
          </reporter-output>
        </test-method> <!-- tearDown -->
      </class> <!-- eventListeners.OrangeHRM -->
    </test> <!-- Test -->
  </suite> <!-- Suite -->
</testng-results>
