<?xml version="1.0" encoding="UTF-8"?>
<!-- Generated by org.testng.reporters.JUnitXMLReporter -->
<testsuite ignored="0" hostname="LIN-B2VL9K3" failures="1" tests="3" name="OrangeHRMxml" time="26.061" errors="0" timestamp="2026-05-21T12:27:18 IST">
  <testcase classname="itestListenersDemo.OrangeHRM" name="testLogo" time="3.607"/>
  <testcase classname="itestListenersDemo.OrangeHRM" name="testURL" time="0.068"/>
  <testcase classname="itestListenersDemo.OrangeHRM" name="testHomePageTitle" time="0.152">
    <failure type="java.lang.AssertionError" message="expected [OrangeHRM] but found [[[[ChromeDriver: chrome on windows (f795312929672848a4539e77357cd282)] -&amp;gt; xpath: //title[text()=&amp;apos;OrangeHRM&amp;apos;]]]]">
      <![CDATA[java.lang.AssertionError: expected [OrangeHRM] but found [[[[ChromeDriver: chrome on windows (f795312929672848a4539e77357cd282)] -> xpath: //title[text()='OrangeHRM']]]]
at itestListenersDemo.OrangeHRM.testHomePageTitle(OrangeHRM.java:52)
at java.base/java.util.ArrayList.forEach(ArrayList.java:1511)
... Removed 30 stack frames]]>
    </failure>
  </testcase> <!-- testHomePageTitle -->
</testsuite> <!-- OrangeHRMxml -->
