<?xml version="1.0" encoding="UTF-8"?>
<!-- Generated by org.testng.reporters.JUnitXMLReporter -->
<testsuite ignored="0" hostname="LIN-B2VL9K3" failures="1" tests="3" name="Test" time="27.122" errors="0" timestamp="2026-05-21T12:52:19 IST">
  <testcase classname="eventListeners.OrangeHRM" name="testLogo" time="8.541"/>
  <testcase classname="eventListeners.OrangeHRM" name="testURL" time="0.02"/>
  <testcase classname="eventListeners.OrangeHRM" name="testHomePageTitle" time="0.048">
    <failure type="java.lang.AssertionError" message="expected [OrangeHRM] but found [[[[ChromeDriver: chrome on windows (3887418a0e7cae5d3f2d36146f5551f6)] -&amp;gt; xpath: //title[text()=&amp;apos;OrangeHRM&amp;apos;]]]]">
      <![CDATA[java.lang.AssertionError: expected [OrangeHRM] but found [[[[ChromeDriver: chrome on windows (3887418a0e7cae5d3f2d36146f5551f6)] -> xpath: //title[text()='OrangeHRM']]]]
at eventListeners.OrangeHRM.testHomePageTitle(OrangeHRM.java:52)
at java.base/java.util.ArrayList.forEach(ArrayList.java:1511)
... Removed 30 stack frames]]>
    </failure>
  </testcase> <!-- testHomePageTitle -->
</testsuite> <!-- Test -->
